{
  "raw_content": "[2025-10-29T19:17:42] Fin de session – sauvegarde complète"
}[2025-10-29T18:17:43.198160] Fichier memory/session.log écrit (fusion=False)
{'raw_content': '[2025-10-29T19:24:40] Session démarrée – ping non valide (mode dégradé)'}
[2025-10-29T18:24:41.278909] Fichier memory/session.log écrit (fusion=False)
{'raw_content': '[Test] Écriture append via Builder v1.3'}
[2025-10-29T18:24:42.019674] Fichier memory/session.log écrit (fusion=False)
{'raw_content': '[2025-10-29T19:24:42] Fichier memory/session.log modifié via API'}
[2025-10-29T18:24:42.761598] Fichier memory/session.log écrit (fusion=False)
{'raw_content': '[2025-10-29T19:24:43] Lecture réussie du fichier : memory/memoire.json'}
[2025-10-29T18:24:44.211799] Fichier memory/session.log écrit (fusion=False)
{'raw_content': '[2025-10-29T19:24:44] Fusion non destructive appliquée sur memoire.json'}
[2025-10-29T18:24:44.914780] Fichier memory/session.log écrit (fusion=False)
[2025-10-29T18:24:45.615006] Fichier memory/memoire.json écrit (fusion=True)
{'raw_content': '[2025-10-29T19:24:45] Fichier memory/memoire.json modifié via API'}
[2025-10-29T18:24:46.392232] Fichier memory/session.log écrit (fusion=False)
{'raw_content': '[2025-10-29T19:24:46] Mémoire persistante mise à jour (fusion)'}
[2025-10-29T18:24:47.146393] Fichier memory/session.log écrit (fusion=False)
{'raw_content': '[2025-10-29T19:24:47] Fin de session – sauvegarde complète'}
[2025-10-29T18:24:47.884253] Fichier memory/session.log écrit (fusion=False)
[2025-10-29T19:34:25] Session démarrée – ping non valide (mode dégradé)
[2025-10-29T18:34:26.685724] Fichier memory/session.log écrit (fusion=False)
[Test] Écriture append via Builder v1.3
[2025-10-29T18:34:27.468480] Fichier memory/session.log écrit (fusion=False)
[2025-10-29T19:34:27] Fichier memory/session.log modifié via API
[2025-10-29T18:34:28.313644] Fichier memory/session.log écrit (fusion=False)
[2025-10-29T19:34:29] Lecture réussie du fichier : memory/memoire.json
[2025-10-29T18:34:29.757672] Fichier memory/session.log écrit (fusion=False)
[2025-10-29T19:34:29] Fusion non destructive appliquée sur memoire.json
[2025-10-29T18:34:30.468927] Fichier memory/session.log écrit (fusion=False)
[2025-10-29T18:34:31.221695] Fichier memory/memoire.json écrit (fusion=True)
[2025-10-29T19:34:31] Fichier memory/memoire.json modifié via API
[2025-10-29T18:34:31.961802] Fichier memory/session.log écrit (fusion=False)
[2025-10-29T19:34:31] Mémoire persistante mise à jour (fusion)
[2025-10-29T18:34:32.682512] Fichier memory/session.log écrit (fusion=False)
[2025-10-29T19:34:32] Fin de session – sauvegarde complète
[2025-10-29T18:34:33.442858] Fichier memory/session.log écrit (fusion=False)
[2025-10-29T19:35:37] Session démarrée – ping non valide (mode dégradé)
[2025-10-29T18:35:38.502697] Fichier memory/session.log écrit (fusion=False)
[Test] Écriture append via Builder v1.3
[2025-10-29T18:35:39.233325] Fichier memory/session.log écrit (fusion=False)
[2025-10-29T19:35:39] Fichier memory/session.log modifié via API
[2025-10-29T18:35:39.982189] Fichier memory/session.log écrit (fusion=False)
[2025-10-29T19:35:40] Lecture réussie du fichier : memory/memoire.json
[2025-10-29T18:35:41.434034] Fichier memory/session.log écrit (fusion=False)
[2025-10-29T19:35:41] Fusion non destructive appliquée sur memoire.json
[2025-10-29T18:35:42.146220] Fichier memory/session.log écrit (fusion=False)
[2025-10-29T18:35:42.860961] Fichier memory/memoire.json écrit (fusion=True)
[2025-10-29T19:35:42] Fichier memory/memoire.json modifié via API
[2025-10-29T18:35:43.581425] Fichier memory/session.log écrit (fusion=False)
[2025-10-29T19:35:43] Mémoire persistante mise à jour (fusion)
[2025-10-29T18:35:44.283033] Fichier memory/session.log écrit (fusion=False)
[2025-10-29T19:35:44] Fin de session – sauvegarde complète
[2025-10-29T18:35:45.038663] Fichier memory/session.log écrit (fusion=False)
{'raw_content': '[2025-10-29T20:25:40] Session démarrée – ping non valide (mode dégradé)'}
[2025-10-29T19:25:41.480736] Fichier memory/session.log écrit (fusion=False)
{'raw_content': '[Test] Écriture append via Builder v1.3'}
[2025-10-29T19:25:42.190268] Fichier memory/session.log écrit (fusion=False)
{'raw_content': '[2025-10-29T20:25:42] Fichier memory/session.log modifié via API'}
[2025-10-29T19:25:42.924212] Fichier memory/session.log écrit (fusion=False)
{'raw_content': '[2025-10-29T20:25:43] Lecture réussie du fichier : memory/memoire.json'}
[2025-10-29T19:25:44.435602] Fichier memory/session.log écrit (fusion=False)
{'raw_content': '[2025-10-29T20:25:44] Fusion non destructive appliquée sur memoire.json'}
[2025-10-29T19:25:45.201866] Fichier memory/session.log écrit (fusion=False)
[2025-10-29T19:25:45.937773] Fichier memory/memoire.json écrit (fusion=True)
{'raw_content': '[2025-10-29T20:25:45] Fichier memory/memoire.json modifié via API'}
[2025-10-29T19:25:46.683898] Fichier memory/session.log écrit (fusion=False)
{'raw_content': '[2025-10-29T20:25:46] Mémoire persistante mise à jour (fusion)'}
[2025-10-29T19:25:47.431953] Fichier memory/session.log écrit (fusion=False)
{'raw_content': '[2025-10-29T20:25:47] Fin de session – sauvegarde complète'}
[2025-10-29T19:25:48.153796] Fichier memory/session.log écrit (fusion=False)
{'raw_content': '[2025-10-29T20:34:37] Ping valide – backend actif'}
[2025-10-29T19:34:38.598788] Fichier memory/session.log écrit (fusion=False)
{'raw_content': '[Test] Écriture append via Builder v1.3'}
[2025-10-29T19:34:39.359515] Fichier memory/session.log écrit (fusion=False)
{'raw_content': '[2025-10-29T20:34:39] Fichier memory/session.log modifié via API'}
[2025-10-29T19:34:40.083585] Fichier memory/session.log écrit (fusion=False)
{'raw_content': '[2025-10-29T20:34:40] Lecture réussie du fichier : memory/memoire.json'}
[2025-10-29T19:34:41.502239] Fichier memory/session.log écrit (fusion=False)
{'raw_content': '[2025-10-29T20:34:41] Fusion non destructive appliquée sur memoire.json'}
[2025-10-29T19:34:42.277854] Fichier memory/session.log écrit (fusion=False)
[2025-10-29T19:34:43.050758] Fichier memory/memoire.json écrit (fusion=True)
{'raw_content': '[2025-10-29T20:34:43] Fichier memory/memoire.json modifié via API'}
[2025-10-29T19:34:43.788186] Fichier memory/session.log écrit (fusion=False)
{'raw_content': '[2025-10-29T20:34:43] Mémoire persistante mise à jour (fusion)'}
[2025-10-29T19:34:44.527651] Fichier memory/session.log écrit (fusion=False)
{'raw_content': '[2025-10-29T20:34:44] Fin de session – sauvegarde complète'}
[2025-10-29T19:34:45.250695] Fichier memory/session.log écrit (fusion=False)
{'raw_content': '[2025-10-29T20:42:55] Ping valide – backend actif'}
[2025-10-29T19:42:56.519614] Fichier memory/session.log écrit (fusion=False)
{'raw_content': '[2025-10-29T20:42:57] Lecture réussie du fichier : memory/memoire.json'}
[2025-10-29T19:42:57.970903] Fichier memory/session.log écrit (fusion=False)
{'raw_content': '[2025-10-29T20:42:58] Snapshot chargé – mémoire actuelle prête'}
[2025-10-29T19:42:58.693806] Fichier memory/session.log écrit (fusion=False)
{'raw_content': '[Test] Écriture append via Builder v1.3'}
[2025-10-29T19:42:59.462781] Fichier memory/session.log écrit (fusion=False)
{'raw_content': '[2025-10-29T20:42:59] Fichier memory/session.log modifié via API'}
[2025-10-29T19:43:00.164097] Fichier memory/session.log écrit (fusion=False)
{'raw_content': '[2025-10-29T20:43:00] Lecture réussie du fichier : memory/memoire.json'}
[2025-10-29T19:43:01.658904] Fichier memory/session.log écrit (fusion=False)
{'raw_content': '[2025-10-29T20:43:01] Fusion non destructive appliquée sur memoire.json'}
[2025-10-29T19:43:02.392895] Fichier memory/session.log écrit (fusion=False)
[2025-10-29T19:43:03.158652] Fichier memory/memoire.json écrit (fusion=True)
{'raw_content': '[2025-10-29T20:43:03] Fichier memory/memoire.json modifié via API'}
[2025-10-29T19:43:03.932495] Fichier memory/session.log écrit (fusion=False)
{'raw_content': '[2025-10-29T20:43:03] Mémoire persistante mise à jour (fusion)'}
[2025-10-29T19:43:04.626792] Fichier memory/session.log écrit (fusion=False)
{'raw_content': '[2025-10-29T20:43:04] Fin de session – sauvegarde complète'}
[2025-10-29T19:43:05.357513] Fichier memory/session.log écrit (fusion=False)
{'raw_content': '[2025-10-29T20:44:26] Ping valide – backend actif'}
[2025-10-29T19:44:26.978900] Fichier memory/session.log écrit (fusion=False)
{'raw_content': '[2025-10-29T20:44:27] Lecture réussie du fichier : memory/memoire.json'}
[2025-10-29T19:44:28.444741] Fichier memory/session.log écrit (fusion=False)
{'raw_content': '[2025-10-29T20:44:28] Snapshot chargé – mémoire actuelle prête'}
[2025-10-29T19:44:29.190754] Fichier memory/session.log écrit (fusion=False)
{'raw_content': '[Test] Écriture append via Builder v1.3'}
[2025-10-29T19:44:30.029450] Fichier memory/session.log écrit (fusion=False)
{'raw_content': '[2025-10-29T20:44:30] Fichier memory/session.log modifié via API'}
[2025-10-29T19:44:30.835674] Fichier memory/session.log écrit (fusion=False)
{'raw_content': '[2025-10-29T20:44:31] Lecture réussie du fichier : memory/memoire.json'}
[2025-10-29T19:44:32.262290] Fichier memory/session.log écrit (fusion=False)
{'raw_content': '[2025-10-29T20:44:32] Fusion non destructive appliquée sur memoire.json'}
[2025-10-29T19:44:32.957311] Fichier memory/session.log écrit (fusion=False)
[2025-10-29T19:44:33.712259] Fichier memory/memoire.json écrit (fusion=True)
{'raw_content': '[2025-10-29T20:44:33] Fichier memory/memoire.json modifié via API'}
[2025-10-29T19:44:34.542717] Fichier memory/session.log écrit (fusion=False)
{'raw_content': '[2025-10-29T20:44:34] Mémoire persistante mise à jour (fusion)'}
[2025-10-29T19:44:35.219929] Fichier memory/session.log écrit (fusion=False)
{'raw_content': '[2025-10-29T20:44:35] Fin de session – sauvegarde complète'}
[2025-10-29T19:44:35.936507] Fichier memory/session.log écrit (fusion=False)
{'raw_content': '[2025-10-29T20:48:45] Ping valide – backend actif'}
[2025-10-29T19:48:45.729704] Fichier memory/session.log écrit (fusion=False)
{'raw_content': '[2025-10-29T20:48:46] Lecture réussie du fichier : memory/memoire.json'}
[2025-10-29T19:48:47.206606] Fichier memory/session.log écrit (fusion=False)
{'raw_content': '[2025-10-29T20:48:47] Snapshot chargé'}
[2025-10-29T19:48:47.942207] Fichier memory/session.log écrit (fusion=False)
{'raw_content': '[2025-10-29T20:48:47] Mémoire actuelle prête'}
[2025-10-29T19:48:48.700345] Fichier memory/session.log écrit (fusion=False)
{'raw_content': '[Test] Écriture append via Builder v1.3'}
[2025-10-29T19:48:49.383482] Fichier memory/session.log écrit (fusion=False)
{'raw_content': '[2025-10-29T20:48:49] Fichier memory/session.log modifié via API'}
[2025-10-29T19:48:50.159614] Fichier memory/session.log écrit (fusion=False)
{'raw_content': '[2025-10-29T20:48:50] Lecture réussie du fichier : memory/memoire.json'}
[2025-10-29T19:48:51.622192] Fichier memory/session.log écrit (fusion=False)
{'raw_content': '[2025-10-29T20:48:51] Fusion non destructive appliquée sur memoire.json'}
[2025-10-29T19:48:52.370893] Fichier memory/session.log écrit (fusion=False)
[2025-10-29T19:48:53.100706] Fichier memory/memoire.json écrit (fusion=True)
{'raw_content': '[2025-10-29T20:48:53] Fichier memory/memoire.json modifié via API'}
[2025-10-29T19:48:53.843039] Fichier memory/session.log écrit (fusion=False)
{'raw_content': '[2025-10-29T20:48:53] Mémoire persistante mise à jour (fusion)'}
[2025-10-29T19:48:54.579902] Fichier memory/session.log écrit (fusion=False)
{'raw_content': '[2025-10-29T20:48:54] Fin de session – sauvegarde complète'}
[2025-10-29T19:48:55.375501] Fichier memory/session.log écrit (fusion=False)
{'raw_content': '[2025-10-29T20:52:18] Ping valide – backend actif'}
[2025-10-29T19:52:19.144862] Fichier memory/session.log écrit (fusion=False)
{'raw_content': '[2025-10-29T20:52:19] Lecture réussie du fichier : memory/memoire.json'}
[2025-10-29T19:52:20.718721] Fichier memory/session.log écrit (fusion=False)
{'raw_content': '[2025-10-29T20:52:20] Snapshot chargé'}
[2025-10-29T19:52:21.493221] Fichier memory/session.log écrit (fusion=False)
{'raw_content': '[Test] Écriture append via Builder v1.3'}
[2025-10-29T19:52:22.238769] Fichier memory/session.log écrit (fusion=False)
{'raw_content': '[2025-10-29T20:52:22] Fichier memory/session.log modifié via API'}
[2025-10-29T19:52:22.943422] Fichier memory/session.log écrit (fusion=False)
{'raw_content': '[2025-10-29T20:52:23] Lecture réussie du fichier : memory/memoire.json'}
[2025-10-29T19:52:24.395790] Fichier memory/session.log écrit (fusion=False)
{'raw_content': '[2025-10-29T20:52:24] Fusion non destructive appliquée sur memoire.json'}
[2025-10-29T19:52:25.158864] Fichier memory/session.log écrit (fusion=False)
[2025-10-29T19:52:25.934280] Fichier memory/memoire.json écrit (fusion=True)
{'raw_content': '[2025-10-29T20:52:25] Fichier memory/memoire.json modifié via API'}
[2025-10-29T19:52:26.728921] Fichier memory/session.log écrit (fusion=False)
{'raw_content': '[2025-10-29T20:52:26] Mémoire persistante mise à jour (fusion)'}
[2025-10-29T19:52:27.443839] Fichier memory/session.log écrit (fusion=False)
{'raw_content': '[2025-10-29T20:52:27] Fin de session – sauvegarde complète'}
[2025-10-29T19:52:28.211218] Fichier memory/session.log écrit (fusion=False)
{'raw_content': '[2025-10-29T20:57:13] Ping valide – backend actif'}
[2025-10-29T19:57:14.733450] Fichier memory/session.log écrit (fusion=False)
{'raw_content': '[2025-10-29T20:57:15] Lecture réussie du fichier : memory/memoire.json'}
[2025-10-29T19:57:16.141119] Fichier memory/session.log écrit (fusion=False)
{'raw_content': '[2025-10-29T20:57:16] Snapshot chargé'}
[2025-10-29T19:57:16.899224] Fichier memory/session.log écrit (fusion=False)
{'raw_content': '[Test] Écriture append via Builder v1.3'}
[2025-10-29T19:57:17.637710] Fichier memory/session.log écrit (fusion=False)
{'raw_content': '[2025-10-29T20:57:17] Fichier memory/session.log modifié via API'}
[2025-10-29T19:57:18.320045] Fichier memory/session.log écrit (fusion=False)
{'raw_content': '[2025-10-29T20:57:19] Lecture réussie du fichier : memory/memoire.json'}
[2025-10-29T19:57:19.803010] Fichier memory/session.log écrit (fusion=False)
{'raw_content': '[2025-10-29T20:57:19] Fusion non destructive appliquée sur memoire.json'}
[2025-10-29T19:57:20.543411] Fichier memory/session.log écrit (fusion=False)
[2025-10-29T19:57:21.246912] Fichier memory/memoire.json écrit (fusion=True)
{'raw_content': '[2025-10-29T20:57:21] Fichier memory/memoire.json modifié via API'}
[2025-10-29T19:57:21.986755] Fichier memory/session.log écrit (fusion=False)
{'raw_content': '[2025-10-29T20:57:22] Mémoire persistante mise à jour (fusion)'}
[2025-10-29T19:57:22.676036] Fichier memory/session.log écrit (fusion=False)
{'raw_content': '[2025-10-29T20:57:22] Fin de session – sauvegarde complète'}
[2025-10-29T19:57:23.444887] Fichier memory/session.log écrit (fusion=False)
{'raw_content': '[MiniStudioGPT Log] ✅ 2025-10-30T10:00:00 Session démarrée via API test'}
[2025-10-30T08:39:10.463400] Fichier memory/session.log écrit (fusion=False)
[2025-10-30T08:47:42.795245] Fichier fastapi_app/test_main.py écrit (fusion=False)
[2025-10-30T08:56:43.924621] Fichier fastapi_app/test_main.py écrit (fusion=False)
{'raw_content': '[2025-10-30T15:55:00] Fichier introuvable : ./app/fastapi_app/test_patch_target.py'}
[2025-10-30T14:55:00.970523] Fichier memory/session.log écrit (fusion=False)
{'raw_content': '[2025-10-30T15:57:28] Fichier introuvable : ./app/fastapi_app/test_patch_target.py'}
[2025-10-30T14:57:29.067416] Fichier memory/session.log écrit (fusion=False)
{'raw_content': '[2025-10-30T16:01:20] Fichier introuvable : ./app/fastapi_app/test_patch_target.py'}
[2025-10-30T15:01:21.081472] Fichier memory/session.log écrit (fusion=False)
{'raw_content': '[2025-10-30T16:05:53] Refus de modification : ./app/fastapi_app/test_patch_target.py hors zone autorisée'}
[2025-10-30T15:05:54.323364] Fichier memory/session.log écrit (fusion=False)
{'raw_content': '[2025-10-30T16:09:03] Backup créé pour ./fastapi_app/test_patch_target.py'}
[2025-10-30T15:09:03.840420] Fichier memory/session.log écrit (fusion=False)
{'raw_content': '[2025-10-30T16:09:03] ✅ Validation syntaxique réussie : ./fastapi_app/test_patch_target.py.tmp'}
[2025-10-30T15:09:04.671214] Fichier memory/session.log écrit (fusion=False)
{'raw_content': '[2025-10-30T16:09:04] ✅ Fonction hello_world mise à jour dans ./fastapi_app/test_patch_target.py'}
[2025-10-30T15:09:05.595315] Fichier memory/session.log écrit (fusion=False)
{'raw_content': '[2025-10-30T16:28:05] Backup créé pour ./fastapi_app/test_patch_target.py'}
[2025-10-30T15:28:05.927094] Fichier memory/session.log écrit (fusion=False)
{'raw_content': '[2025-10-30T16:28:05] ✅ Validation syntaxique réussie : ./fastapi_app/test_patch_target.py.tmp'}
[2025-10-30T15:28:06.735790] Fichier memory/session.log écrit (fusion=False)
{'raw_content': '[2025-10-30T16:28:06] ✅ Fonction hello_world mise à jour dans ./fastapi_app/test_patch_target.py'}
[2025-10-30T15:28:07.568637] Fichier memory/session.log écrit (fusion=False)
{'raw_content': '[2025-10-30T16:28:42] Backup créé pour ./fastapi_app/test_patch_target.py'}
[2025-10-30T15:28:43.496163] Fichier memory/session.log écrit (fusion=False)
{'raw_content': '[2025-10-30T16:28:43] ✅ Validation syntaxique réussie : ./fastapi_app/test_patch_target.py.tmp'}
[2025-10-30T15:28:44.258741] Fichier memory/session.log écrit (fusion=False)
{'raw_content': '[2025-10-30T16:28:44] ✅ Fonction hello_world mise à jour dans ./fastapi_app/test_patch_target.py'}
[2025-10-30T15:28:45.072775] Fichier memory/session.log écrit (fusion=False)
{'raw_content': '[2025-10-30T16:39:14] ⚠️ Erreur de syntaxe détectée : ./fastapi_app/test_patch_target.py (  File "./fastapi_app/test_patch_target.py", line 1\n    def hello_world(\n                   ^\nSyntaxError: \'(\' was never closed\n)'}
[2025-10-30T15:39:15.232648] Fichier memory/session.log écrit (fusion=False)
{'raw_content': '[2025-10-30T16:39:15] ❌ Réparation échouée sur ./fastapi_app/test_patch_target.py (  File "./fastapi_app/test_patch_target.py", line 1\n    def hello_world(\n                   ^\nSyntaxError: \'(\' was never closed\n)'}
[2025-10-30T15:39:16.023005] Fichier memory/session.log écrit (fusion=False)
{'raw_content': '[2025-10-30T16:43:08] ⚠️ Erreur de syntaxe détectée : ./fastapi_app/test_patch_target.py (  File "./fastapi_app/test_patch_target.py", line 1\n    def hello_world(\n                   ^\nSyntaxError: \'(\' was never closed\n)'}
[2025-10-30T15:43:09.016910] Fichier memory/session.log écrit (fusion=False)
{'raw_content': '[2025-10-30T16:43:09] ❌ Réparation échouée sur ./fastapi_app/test_patch_target.py (  File "./fastapi_app/test_patch_target.py", line 1\n    def hello_world(\n                   ^\nSyntaxError: \'(\' was never closed\n)'}
[2025-10-30T15:43:09.767087] Fichier memory/session.log écrit (fusion=False)
{'raw_content': '[2025-10-30T16:44:53] ♻️ Session recovery complétée'}
[2025-10-30T15:44:54.749480] Fichier memory/session.log écrit (fusion=False)
{'raw_content': '[2025-10-30T16:48:02] Backup créé pour ./fastapi_app/test_patch_target.py'}
[2025-10-30T15:48:03.474981] Fichier memory/session.log écrit (fusion=False)
{'raw_content': '[2025-10-30T16:48:03] ✅ Validation syntaxique réussie : ./fastapi_app/test_patch_target.py.tmp'}
[2025-10-30T15:48:04.302478] Fichier memory/session.log écrit (fusion=False)
{'raw_content': '[2025-10-30T16:48:04] ✅ Fonction hello_world mise à jour dans ./fastapi_app/test_patch_target.py'}
[2025-10-30T15:48:05.430810] Fichier memory/session.log écrit (fusion=False)
{'raw_content': '[2025-10-30T16:49:28] ♻️ Session recovery complétée'}
[2025-10-30T15:49:29.242327] Fichier memory/session.log écrit (fusion=False)
[MiniStudioGPT Log] ✅ [2025-10-30 16:52:38.108440] Proposition review enregistrée : test_patch_target_draft_2025-10-30.json
[MiniStudioGPT Log] ✅ [2025-10-30 16:53:25.173842] Patch appliqué avec succès sur ./fastapi_app/test_patch_target.py
{'raw_content': '[2025-10-30T16:52:39] Backup créé pour ./fastapi_app/test_patch_target.py'}
{'raw_content': '[2025-10-30T16:52:39] Backup créé pour ./fastapi_app/test_patch_target.py'}
{'raw_content': '[2025-10-30T16:52:54] ✅ Validation syntaxique réussie : ./fastapi_app/test_patch_target.py.tmp'}
{'raw_content': '[2025-10-30T16:52:54] ✅ Validation syntaxique réussie : ./fastapi_app/test_patch_target.py.tmp'}
{'raw_content': '[2025-10-30T16:53:10] ✅ Fonction hello_world mise à jour dans ./fastapi_app/test_patch_target.py'}
{'raw_content': '[2025-10-30T16:53:10] ✅ Fonction hello_world mise à jour dans ./fastapi_app/test_patch_target.py'}
[MiniStudioGPT Log] ✅ [2025-10-30 17:01:05.406682] Proposition review enregistrée : test_patch_target_draft_2025-10-30.json
[MiniStudioGPT Log] ✅ [2025-10-30 17:01:51.846448] Patch appliqué avec succès sur ./fastapi_app/test_patch_target.py
{'raw_content': '[2025-10-30T17:01:06] Backup créé pour ./fastapi_app/test_patch_target.py'}
{'raw_content': '[2025-10-30T17:01:06] Backup créé pour ./fastapi_app/test_patch_target.py'}
{'raw_content': '[2025-10-30T17:01:21] ✅ Validation syntaxique réussie : ./fastapi_app/test_patch_target.py.tmp'}
{'raw_content': '[2025-10-30T17:01:21] ✅ Validation syntaxique réussie : ./fastapi_app/test_patch_target.py.tmp'}
{'raw_content': '[2025-10-30T17:01:36] ✅ Fonction hello_world mise à jour dans ./fastapi_app/test_patch_target.py'}
{'raw_content': '[2025-10-30T17:01:36] ✅ Fonction hello_world mise à jour dans ./fastapi_app/test_patch_target.py'}
[MiniStudioGPT Log] ✅ [2025-10-30 19:31:33.582396] Proposition auto enregistrée : test_patch_target_draft_2025-10-30.json
[MiniStudioGPT Log] ✅ [2025-10-30 19:33:05.130247] Réparation automatique sur fastapi_app/test_patch_target.py après erreur : Le patch a échoué.
{'raw_content': '[2025-10-30T19:32:19] Refus de modification : fastapi_app/test_patch_target.py hors zone autorisée'}
{'raw_content': '[2025-10-30T19:32:19] Refus de modification : fastapi_app/test_patch_target.py hors zone autorisée'}
{'raw_content': '[2025-10-30T19:32:34] ✅ Validation syntaxique réussie : fastapi_app/test_patch_target.py'}
{'raw_content': '[2025-10-30T19:32:34] ✅ Validation syntaxique réussie : fastapi_app/test_patch_target.py'}
{'raw_content': '[2025-10-30T19:32:49] ♻️ Session recovery complétée'}
{'raw_content': '[2025-10-30T19:32:49] ♻️ Session recovery complétée'}
[MiniStudioGPT Log] ✅ [2025-10-30 20:12:23.182151] Proposition auto enregistrée : test_patch_target_draft_2025-10-30.json
[MiniStudioGPT Log] ✅ [2025-10-30 20:13:43.022003] Réparation automatique sur fastapi_app/test_patch_target.py après erreur : Le patch a échoué.
{'raw_content': '[2025-10-30T20:12:57] Refus de modification : fastapi_app/test_patch_target.py hors zone autorisée'}
{'raw_content': '[2025-10-30T20:12:57] Refus de modification : fastapi_app/test_patch_target.py hors zone autorisée'}
{'raw_content': '[2025-10-30T20:13:12] ✅ Validation syntaxique réussie : fastapi_app/test_patch_target.py'}
{'raw_content': '[2025-10-30T20:13:12] ✅ Validation syntaxique réussie : fastapi_app/test_patch_target.py'}
{'raw_content': '[2025-10-30T20:13:27] ♻️ Session recovery complétée'}
{'raw_content': '[2025-10-30T20:13:27] ♻️ Session recovery complétée'}
[MiniStudioGPT Log] ✅ [2025-10-30 20:49:25.347935] Proposition review enregistrée : main_draft_2025-10-30.json
[MiniStudioGPT Log] ✅ [2025-10-30 20:50:19.457368] Proposition auto enregistrée : test_patch_target_draft_2025-10-30.json
[MiniStudioGPT Log] ✅ [2025-10-30 20:51:49.492107] Réparation automatique sur fastapi_app/test_patch_target.py après erreur : Le patch a échoué.
{'raw_content': '[2025-10-30T20:51:04] Refus de modification : fastapi_app/test_patch_target.py hors zone autorisée'}
{'raw_content': '[2025-10-30T20:51:04] Refus de modification : fastapi_app/test_patch_target.py hors zone autorisée'}
{'raw_content': '[2025-10-30T20:51:19] ✅ Validation syntaxique réussie : fastapi_app/test_patch_target.py'}
{'raw_content': '[2025-10-30T20:51:19] ✅ Validation syntaxique réussie : fastapi_app/test_patch_target.py'}
{'raw_content': '[2025-10-30T20:51:34] ♻️ Session recovery complétée'}
{'raw_content': '[2025-10-30T20:51:34] ♻️ Session recovery complétée'}
{'raw_content': '[2025-10-31T10:36:19] Backup créé pour ./fastapi_app/test_apply_target.py'}
{'raw_content': '[2025-10-31T10:36:19] Backup créé pour ./fastapi_app/test_apply_target.py'}
{'raw_content': '[2025-10-31T10:36:34] ✅ Validation syntaxique réussie : ./fastapi_app/test_apply_target.py.tmp'}
{'raw_content': '[2025-10-31T10:36:34] ✅ Validation syntaxique réussie : ./fastapi_app/test_apply_target.py.tmp'}
{'raw_content': '[2025-10-31T10:36:49] ✅ Fonction dummy mise à jour dans ./fastapi_app/test_apply_target.py'}
{'raw_content': '[2025-10-31T10:36:49] ✅ Fonction dummy mise à jour dans ./fastapi_app/test_apply_target.py'}
{'raw_content': '[2025-10-31T10:41:53] Backup créé pour ./fastapi_app/test_apply_target.py'}
{'raw_content': '[2025-10-31T10:41:53] Backup créé pour ./fastapi_app/test_apply_target.py'}
{'raw_content': '[2025-10-31T10:42:08] ✅ Validation syntaxique réussie : ./fastapi_app/test_apply_target.py.tmp'}
{'raw_content': '[2025-10-31T10:42:08] ✅ Validation syntaxique réussie : ./fastapi_app/test_apply_target.py.tmp'}
{'raw_content': '[2025-10-31T10:42:23] ✅ Fonction dummy mise à jour dans ./fastapi_app/test_apply_target.py'}
{'raw_content': '[2025-10-31T10:42:23] ✅ Fonction dummy mise à jour dans ./fastapi_app/test_apply_target.py'}
{'raw_content': '[2025-10-31T12:49:01] Backup créé pour ./fastapi_app/test_apply_target_async.py'}
{'raw_content': '[2025-10-31T12:49:02] ✅ Validation syntaxique réussie : ./fastapi_app/test_apply_target_async.py.tmp'}
{'raw_content': '[2025-10-31T12:49:03] ✅ Fonction dummy mise à jour dans ./fastapi_app/test_apply_target_async.py'}
{'raw_content': '[2025-10-31T18:34:03] Backup créé pour ./fastapi_app/test_apply_target_async.py'}
{'raw_content': '[2025-10-31T18:34:04] ✅ Validation syntaxique réussie : ./fastapi_app/test_apply_target_async.py.tmp'}
{'raw_content': '[2025-10-31T18:34:04] ✅ Fonction dummy mise à jour dans ./fastapi_app/test_apply_target_async.py'}
{'raw_content': '[2025-10-31T18:34:05] Backup créé pour ./fastapi_app/test_apply_target_async.py'}
{'raw_content': '[2025-10-31T18:34:06] ✅ Validation syntaxique réussie : ./fastapi_app/test_apply_target_async.py.tmp'}
{'raw_content': '[2025-10-31T18:34:07] ✅ Fonction dummy mise à jour dans ./fastapi_app/test_apply_target_async.py'}
{'raw_content': '[2025-10-31T18:35:28] Backup créé pour ./fastapi_app/test_patch_target.py'}
{'raw_content': '[2025-10-31T18:35:28] Fonction hello_world introuvable dans ./fastapi_app/test_patch_target.py'}
{'raw_content': '[2025-10-31T18:35:32] ♻️ Session recovery complétée'}
{'raw_content': '[2025-10-31T18:35:32] ✅ Validation syntaxique réussie : ./fastapi_app/test_patch_target.py'}
{'raw_content': '[2025-10-31T17:35:35] Backup créé pour ./fastapi_app/test_apply_target.py'}
{'raw_content': '[2025-10-31T17:35:35] Backup créé pour ./fastapi_app/test_apply_target.py'}
{'raw_content': '[2025-10-31T17:35:51] ✅ Validation syntaxique réussie : ./fastapi_app/test_apply_target.py.tmp'}
{'raw_content': '[2025-10-31T17:35:51] ✅ Validation syntaxique réussie : ./fastapi_app/test_apply_target.py.tmp'}
{'raw_content': '[2025-10-31T17:36:06] ✅ Fonction dummy mise à jour dans ./fastapi_app/test_apply_target.py'}
{'raw_content': '[2025-10-31T17:36:06] ✅ Fonction dummy mise à jour dans ./fastapi_app/test_apply_target.py'}
{'raw_content': '[2025-10-31T18:36:22] Backup créé pour ./fastapi_app/test_patch_target.py'}
{'raw_content': '[2025-10-31T18:36:23] Fonction hello_world introuvable dans ./fastapi_app/test_patch_target.py'}
{'raw_content': '[2025-10-31T18:36:26] ♻️ Session recovery complétée'}
{'raw_content': '[2025-10-31T18:36:27] ✅ Validation syntaxique réussie : ./fastapi_app/test_patch_target.py'}
{'raw_content': '[2025-10-31T18:36:27] Backup créé pour ./fastapi_app/test_apply_target_async.py'}
{'raw_content': '[2025-10-31T18:36:28] ✅ Validation syntaxique réussie : ./fastapi_app/test_apply_target_async.py.tmp'}
{'raw_content': '[2025-10-31T18:36:29] ✅ Fonction dummy mise à jour dans ./fastapi_app/test_apply_target_async.py'}
{'raw_content': '[2025-10-31T18:36:30] Backup créé pour ./fastapi_app/test_apply_target_async.py'}
{'raw_content': '[2025-10-31T18:36:31] ✅ Validation syntaxique réussie : ./fastapi_app/test_apply_target_async.py.tmp'}
{'raw_content': '[2025-10-31T18:36:31] ✅ Fonction dummy mise à jour dans ./fastapi_app/test_apply_target_async.py'}
{'raw_content': '[2025-10-31T18:36:52] Backup créé pour ./fastapi_app/test_apply_target_async.py'}
{'raw_content': '[2025-10-31T18:36:52] ✅ Validation syntaxique réussie : ./fastapi_app/test_apply_target_async.py.tmp'}
{'raw_content': '[2025-10-31T18:36:53] ✅ Fonction dummy mise à jour dans ./fastapi_app/test_apply_target_async.py'}
{'raw_content': '[2025-10-31T18:36:54] Backup créé pour ./fastapi_app/test_apply_target_async.py'}
{'raw_content': '[2025-10-31T18:36:55] ✅ Validation syntaxique réussie : ./fastapi_app/test_apply_target_async.py.tmp'}
{'raw_content': '[2025-10-31T18:36:55] ✅ Fonction dummy mise à jour dans ./fastapi_app/test_apply_target_async.py'}
{'raw_content': '[2025-10-31T18:40:37] Backup créé pour ./fastapi_app/test_apply_target_async.py'}
{'raw_content': '[2025-10-31T18:40:38] ✅ Validation syntaxique réussie : ./fastapi_app/test_apply_target_async.py.tmp'}
{'raw_content': '[2025-10-31T18:40:39] ✅ Fonction dummy mise à jour dans ./fastapi_app/test_apply_target_async.py'}
{'raw_content': '[2025-10-31T18:40:39] Backup créé pour ./fastapi_app/test_apply_target_async.py'}
{'raw_content': '[2025-10-31T18:40:40] ✅ Validation syntaxique réussie : ./fastapi_app/test_apply_target_async.py.tmp'}
{'raw_content': '[2025-10-31T18:40:41] ✅ Fonction dummy mise à jour dans ./fastapi_app/test_apply_target_async.py'}
{'raw_content': '[2025-10-31T18:36:44] Refus de modification : fastapi_app/test_apply_write.py hors zone autorisée'}
{'raw_content': '[2025-10-31T18:36:44] Refus de modification : fastapi_app/test_apply_write.py hors zone autorisée'}
{'raw_content': '[2025-10-31T18:37:08] ✅ Validation syntaxique réussie : fastapi_app/test_apply_write.py'}
{'raw_content': '[2025-10-31T18:37:08] ✅ Validation syntaxique réussie : fastapi_app/test_apply_write.py'}
{'raw_content': '[2025-10-31T18:37:24] ♻️ Session recovery complétée'}
{'raw_content': '[2025-10-31T18:37:24] ♻️ Session recovery complétée'}
{'raw_content': '[2025-10-31T19:26:30] Refus de modification : app/fastapi_app/test_apply_allowed.py hors zone autorisée'}
{'raw_content': '[2025-10-31T19:26:30] Refus de modification : app/fastapi_app/test_apply_allowed.py hors zone autorisée'}
{'raw_content': '[2025-10-31T19:26:45] ✅ Validation syntaxique réussie : app/fastapi_app/test_apply_allowed.py'}
{'raw_content': '[2025-10-31T19:26:45] ✅ Validation syntaxique réussie : app/fastapi_app/test_apply_allowed.py'}
{'raw_content': '[2025-10-31T19:27:00] ♻️ Session recovery complétée'}
{'raw_content': '[2025-10-31T19:27:00] ♻️ Session recovery complétée'}
{'raw_content': '[2025-10-31T19:37:58] Refus de modification : fastapi_app/test_target_allowed.py hors zone autorisée'}
{'raw_content': '[2025-10-31T19:37:58] Refus de modification : fastapi_app/test_target_allowed.py hors zone autorisée'}
{'raw_content': '[2025-10-31T19:38:14] ✅ Validation syntaxique réussie : fastapi_app/test_target_allowed.py'}
{'raw_content': '[2025-10-31T19:38:14] ✅ Validation syntaxique réussie : fastapi_app/test_target_allowed.py'}
{'raw_content': '[2025-10-31T19:38:29] ♻️ Session recovery complétée'}
{'raw_content': '[2025-10-31T19:38:29] ♻️ Session recovery complétée'}
{'raw_content': '[2025-10-31T20:10:14] Refus de modification : fastapi_app/test_target_allowed.py hors zone autorisée'}
{'raw_content': '[2025-10-31T20:10:14] Refus de modification : fastapi_app/test_target_allowed.py hors zone autorisée'}
{'raw_content': '[2025-10-31T20:10:29] ✅ Validation syntaxique réussie : fastapi_app/test_target_allowed.py'}
{'raw_content': '[2025-10-31T20:10:29] ✅ Validation syntaxique réussie : fastapi_app/test_target_allowed.py'}
{'raw_content': '[2025-10-31T20:10:45] ♻️ Session recovery complétée'}
{'raw_content': '[2025-10-31T20:10:45] ♻️ Session recovery complétée'}
{'raw_content': '[2025-10-31T20:18:53] Refus de modification : fastapi_app/test_app.py hors zone autorisée'}
{'raw_content': '[2025-10-31T20:18:53] Refus de modification : fastapi_app/test_app.py hors zone autorisée'}
{'raw_content': '[2025-10-31T20:19:09] ✅ Validation syntaxique réussie : fastapi_app/test_app.py'}
{'raw_content': '[2025-10-31T20:19:09] ✅ Validation syntaxique réussie : fastapi_app/test_app.py'}
{'raw_content': '[2025-10-31T20:19:24] ♻️ Session recovery complétée'}
{'raw_content': '[2025-10-31T20:19:24] ♻️ Session recovery complétée'}
{'raw_content': '[2025-11-01T09:34:49] Backup créé pour ./fastapi_app/test_apply_target.py'}
{'raw_content': '[2025-11-01T09:34:49] Backup créé pour ./fastapi_app/test_apply_target.py'}
{'raw_content': '[2025-11-01T09:35:04] Fonction hello_apply_test introuvable dans ./fastapi_app/test_apply_target.py'}
{'raw_content': '[2025-11-01T09:35:04] Fonction hello_apply_test introuvable dans ./fastapi_app/test_apply_target.py'}
{'raw_content': '[2025-11-01T09:36:38] Backup créé pour ./fastapi_app/test_apply_target.py'}
{'raw_content': '[2025-11-01T09:36:38] Backup créé pour ./fastapi_app/test_apply_target.py'}
{'raw_content': '[2025-11-01T09:36:53] ✅ Validation syntaxique réussie : ./fastapi_app/test_apply_target.py.tmp'}
{'raw_content': '[2025-11-01T09:36:53] ✅ Validation syntaxique réussie : ./fastapi_app/test_apply_target.py.tmp'}
{'raw_content': '[2025-11-01T09:37:08] ✅ Fonction hello_apply_test mise à jour dans ./fastapi_app/test_apply_target.py'}
{'raw_content': '[2025-11-01T09:37:08] ✅ Fonction hello_apply_test mise à jour dans ./fastapi_app/test_apply_target.py'}
{'raw_content': '[2025-11-03T17:15:18] Backup créé pour ./fastapi_app/test_patch_target.py'}
{'raw_content': '[2025-11-03T17:15:18] Backup créé pour ./fastapi_app/test_patch_target.py'}
{'raw_content': '[2025-11-03T17:15:36] Fonction hello_world_v21 introuvable dans ./fastapi_app/test_patch_target.py'}
{'raw_content': '[2025-11-03T17:15:36] Fonction hello_world_v21 introuvable dans ./fastapi_app/test_patch_target.py'}
{'raw_content': '[2025-11-03T17:35:34] Backup créé pour ./fastapi_app/main.py'}
{'raw_content': '[2025-11-03T17:35:34] Backup créé pour ./fastapi_app/main.py'}
{'raw_content': '[2025-11-03T17:35:49] Fonction get_notes introuvable dans ./fastapi_app/main.py'}
{'raw_content': '[2025-11-03T17:35:49] Fonction get_notes introuvable dans ./fastapi_app/main.py'}
[TEST] Lecture/écriture/suppression réussie (memory/test_write_check.txt)
{'raw_content': '[2025-11-04T20:29:39] Backup créé pour ./fastapi_app/test_apply_target.py'}
{'raw_content': '[2025-11-04T20:29:39] Backup créé pour ./fastapi_app/test_apply_target.py'}
{'raw_content': '[2025-11-04T20:30:05] ✅ Validation syntaxique réussie : ./fastapi_app/test_apply_target.py.tmp'}
{'raw_content': '[2025-11-04T20:30:05] ✅ Validation syntaxique réussie : ./fastapi_app/test_apply_target.py.tmp'}
{'raw_content': '[2025-11-04T20:30:20] ✅ Fonction dummy mise à jour dans ./fastapi_app/test_apply_target.py'}
{'raw_content': '[2025-11-04T20:30:20] ✅ Fonction dummy mise à jour dans ./fastapi_app/test_apply_target.py'}
{'raw_content': '[2025-11-04T20:30:36] Backup créé pour ./fastapi_app/test_apply_target.py'}
{'raw_content': '[2025-11-04T20:30:36] Backup créé pour ./fastapi_app/test_apply_target.py'}
{'raw_content': '[2025-11-04T20:30:51] Fonction brand_new_feature introuvable dans ./fastapi_app/test_apply_target.py'}
{'raw_content': '[2025-11-04T20:30:51] Fonction brand_new_feature introuvable dans ./fastapi_app/test_apply_target.py'}
{'raw_content': '[2025-11-04T20:31:08] Backup créé pour ./fastapi_app/test_apply_target.py'}
{'raw_content': '[2025-11-04T20:31:08] Backup créé pour ./fastapi_app/test_apply_target.py'}
{'raw_content': '[2025-11-04T20:31:23] Fonction bad_func introuvable dans ./fastapi_app/test_apply_target.py'}
{'raw_content': '[2025-11-04T20:31:23] Fonction bad_func introuvable dans ./fastapi_app/test_apply_target.py'}
{'raw_content': '[2025-11-04T20:31:38] ✅ Validation syntaxique réussie : ./fastapi_app/test_apply_target.py'}
{'raw_content': '[2025-11-04T20:31:38] ✅ Validation syntaxique réussie : ./fastapi_app/test_apply_target.py'}
{'raw_content': '[2025-11-04T20:31:53] ♻️ Session recovery complétée'}
{'raw_content': '[2025-11-04T20:31:53] ♻️ Session recovery complétée'}
{'raw_content': '[2025-11-05T12:25:44] Fichier introuvable : ./fastapi_app/test_patch_target.py'}
{'raw_content': '[2025-11-05T12:25:48] ♻️ Session recovery complétée'}
{'raw_content': '[2025-11-05T12:31:22] Fichier introuvable : ./fastapi_app/test_patch_target.py'}
{'raw_content': '[2025-11-05T12:31:25] ♻️ Session recovery complétée'}
{'raw_content': '[2025-11-05T12:34:19] Fichier introuvable : ./fastapi_app/test_patch_target.py'}
{'raw_content': '[2025-11-05T12:34:21] ♻️ Session recovery complétée'}
{'raw_content': '[2025-11-05T12:44:58] Fichier introuvable : ./fastapi_app/test_patch_target.py'}
{'raw_content': '[2025-11-05T12:45:01] ♻️ Session recovery complétée'}
{'raw_content': '[2025-11-05T12:49:49] Fichier introuvable : ./fastapi_app/test_patch_target.py'}
{'raw_content': '[2025-11-05T12:49:51] ♻️ Session recovery complétée'}
{'raw_content': '[2025-11-05T12:51:12] Fichier introuvable : ./fastapi_app/test_patch_target.py'}
{'raw_content': '[2025-11-05T12:51:15] ♻️ Session recovery complétée'}
{'raw_content': '[2025-11-06T08:14:08] Fichier introuvable : ./fastapi_app/test_patch_target.py'}
{'raw_content': '[2025-11-06T08:14:11] ♻️ Session recovery complétée'}
{'raw_content': '[2025-11-06T08:31:00] Fichier introuvable : ./fastapi_app/test_patch_target.py'}
{'raw_content': '[2025-11-06T08:31:02] ♻️ Session recovery complétée'}
{'raw_content': '[2025-11-06T08:35:30] Fichier introuvable : ./fastapi_app/test_patch_target.py'}
{'raw_content': '[2025-11-06T08:35:33] ♻️ Session recovery complétée'}
{'raw_content': '[2025-11-06T08:42:44] Fichier introuvable : ./fastapi_app/test_patch_target.py'}
{'raw_content': '[2025-11-06T08:42:47] ♻️ Session recovery complétée'}
{'raw_content': '[2025-11-06T08:49:28] Fichier introuvable : ./fastapi_app/test_patch_target.py'}
{'raw_content': '[2025-11-06T08:49:31] ♻️ Session recovery complétée'}
{'raw_content': '[2025-11-06T08:52:52] Fichier introuvable : ./fastapi_app/test_patch_target.py'}
{'raw_content': '[2025-11-06T08:52:55] Aucun journal trouvé pour recovery'}
{'raw_content': '[2025-11-06T08:53:57] Fichier introuvable : ./fastapi_app/test_patch_target.py'}
{'raw_content': '[2025-11-06T08:54:00] Aucun journal trouvé pour recovery'}
{'raw_content': '[2025-11-06T08:54:48] Fichier introuvable : ./fastapi_app/test_patch_target.py'}
{'raw_content': '[2025-11-06T08:54:51] Aucun journal trouvé pour recovery'}
